2016-04-18 21:47:50,422 [ModalContext] INFO  o.e.m.c.i.e.AbstractTransferListenerAdapter - Downloading https://repo.maven.apache.org/maven2/org/apache/maven/archetypes/maven-archetype-webapp/1.0/maven-archetype-webapp-1.0.jar
2016-04-18 21:47:50,454 [ModalContext] INFO  o.e.m.c.i.e.AbstractTransferListenerAdapter - Downloaded https://repo.maven.apache.org/maven2/org/apache/maven/archetypes/maven-archetype-webapp/1.0/maven-archetype-webapp-1.0.jar
2016-04-18 21:47:50,481 [ModalContext] INFO  o.e.m.c.i.e.AbstractTransferListenerAdapter - Downloading https://repo.maven.apache.org/maven2/org/apache/maven/archetypes/maven-archetype-webapp/1.0/maven-archetype-webapp-1.0.pom
2016-04-18 21:47:50,505 [ModalContext] INFO  o.e.m.c.i.e.AbstractTransferListenerAdapter - Downloaded https://repo.maven.apache.org/maven2/org/apache/maven/archetypes/maven-archetype-webapp/1.0/maven-archetype-webapp-1.0.pom
2016-04-18 21:48:28,366 [Worker-9] INFO  o.e.m.c.i.p.ProjectConfigurationManager - Collecting project info '/pom.xml' /Users/hoffmeyer/Development/rankit-java/rankit/pom.xml
2016-04-18 21:48:29,235 [Worker-9] INFO  o.e.m.c.i.e.AbstractTransferListenerAdapter - Downloading https://repo.maven.apache.org/maven2/org/apache/maven/plugins/maven-war-plugin/2.2/maven-war-plugin-2.2.jar
2016-04-18 21:48:29,293 [Worker-9] INFO  o.e.m.c.i.e.AbstractTransferListenerAdapter - Downloaded https://repo.maven.apache.org/maven2/org/apache/maven/plugins/maven-war-plugin/2.2/maven-war-plugin-2.2.jar
2016-04-18 21:48:29,580 [Worker-9] INFO  o.e.m.c.i.l.LifecycleMappingFactory - Using org.eclipse.m2e.jdt.JarLifecycleMapping lifecycle mapping for MavenProject: dk.rankit:rankit:0.0.1-SNAPSHOT @ /Users/hoffmeyer/Development/rankit-java/rankit/pom.xml.
2016-04-18 21:48:29,671 [Worker-9] INFO  o.e.m.j.i.AbstractJavaProjectConfigurator - Adding source folder /rankit/src/main/java
2016-04-18 21:48:29,671 [Worker-9] INFO  o.e.m.j.i.AbstractJavaProjectConfigurator - Adding resource folder /rankit/src/main/resources
2016-04-18 21:48:29,672 [Worker-9] INFO  o.e.m.j.i.AbstractJavaProjectConfigurator - Adding source folder /rankit/src/test/java
2016-04-18 21:48:30,929 [Worker-9] INFO  o.e.m.c.i.p.ProjectConfigurationManager - Imported and configured 1 project(s) in 2 sec
2016-04-18 21:48:31,171 [Worker-3] WARN  o.e.m.c.i.embedder.EclipseLogger - Using platform encoding (UTF-8 actually) to copy filtered resources, i.e. build is platform dependent!
2016-04-18 21:48:31,177 [Worker-3] INFO  o.e.m.c.i.embedder.EclipseLogger - Copying 0 resource
2016-04-18 21:48:31,178 [Worker-3] WARN  o.e.m.c.i.embedder.EclipseLogger - Using platform encoding (UTF-8 actually) to copy filtered resources, i.e. build is platform dependent!
2016-04-18 21:48:31,179 [Worker-3] INFO  o.e.m.c.i.embedder.EclipseLogger - skip non existing resourceDirectory /Users/hoffmeyer/Development/rankit-java/rankit/src/test/resources
2016-04-18 21:50:30,986 [Worker-8] INFO  o.e.m.c.i.l.LifecycleMappingFactory - Using org.eclipse.m2e.jdt.JarLifecycleMapping lifecycle mapping for MavenProject: dk.rankit:rankit:0.0.1-SNAPSHOT @ /Users/hoffmeyer/Development/rankit-java/rankit/pom.xml.
2016-04-18 21:50:31,193 [Worker-8] INFO  o.e.m.c.i.e.AbstractTransferListenerAdapter - Downloading https://repo.maven.apache.org/maven2/ro/pippo/pippo-core/0.8.0/pippo-core-0.8.0.pom
2016-04-18 21:50:31,222 [Worker-8] INFO  o.e.m.c.i.e.AbstractTransferListenerAdapter - Downloaded https://repo.maven.apache.org/maven2/ro/pippo/pippo-core/0.8.0/pippo-core-0.8.0.pom
2016-04-18 21:50:31,253 [Worker-8] INFO  o.e.m.c.i.e.AbstractTransferListenerAdapter - Downloading https://repo.maven.apache.org/maven2/ro/pippo/pippo-parent/0.8.0/pippo-parent-0.8.0.pom
2016-04-18 21:50:31,283 [Worker-8] INFO  o.e.m.c.i.e.AbstractTransferListenerAdapter - Downloaded https://repo.maven.apache.org/maven2/ro/pippo/pippo-parent/0.8.0/pippo-parent-0.8.0.pom
2016-04-18 21:50:31,314 [Worker-8] INFO  o.e.m.c.i.e.AbstractTransferListenerAdapter - Downloading https://repo.maven.apache.org/maven2/org/sonatype/oss/oss-parent/7/oss-parent-7.pom
2016-04-18 21:50:31,344 [Worker-8] INFO  o.e.m.c.i.e.AbstractTransferListenerAdapter - Downloaded https://repo.maven.apache.org/maven2/org/sonatype/oss/oss-parent/7/oss-parent-7.pom
2016-04-18 21:50:31,379 [Worker-8] INFO  o.e.m.c.i.e.AbstractTransferListenerAdapter - Downloading https://repo.maven.apache.org/maven2/org/slf4j/slf4j-api/1.7.7/slf4j-api-1.7.7.pom
2016-04-18 21:50:31,410 [Worker-8] INFO  o.e.m.c.i.e.AbstractTransferListenerAdapter - Downloaded https://repo.maven.apache.org/maven2/org/slf4j/slf4j-api/1.7.7/slf4j-api-1.7.7.pom
2016-04-18 21:50:31,441 [Worker-8] INFO  o.e.m.c.i.e.AbstractTransferListenerAdapter - Downloading https://repo.maven.apache.org/maven2/org/slf4j/slf4j-parent/1.7.7/slf4j-parent-1.7.7.pom
2016-04-18 21:50:31,470 [Worker-8] INFO  o.e.m.c.i.e.AbstractTransferListenerAdapter - Downloaded https://repo.maven.apache.org/maven2/org/slf4j/slf4j-parent/1.7.7/slf4j-parent-1.7.7.pom
2016-04-18 21:50:31,583 [Worker-8] INFO  o.e.m.c.i.e.AbstractTransferListenerAdapter - Downloading https://repo.maven.apache.org/maven2/ro/pippo/pippo-freemarker/0.8.0/pippo-freemarker-0.8.0.pom
2016-04-18 21:50:31,611 [Worker-8] INFO  o.e.m.c.i.e.AbstractTransferListenerAdapter - Downloaded https://repo.maven.apache.org/maven2/ro/pippo/pippo-freemarker/0.8.0/pippo-freemarker-0.8.0.pom
2016-04-18 21:50:31,640 [Worker-8] INFO  o.e.m.c.i.e.AbstractTransferListenerAdapter - Downloading https://repo.maven.apache.org/maven2/org/freemarker/freemarker/2.3.23/freemarker-2.3.23.pom
2016-04-18 21:50:31,668 [Worker-8] INFO  o.e.m.c.i.e.AbstractTransferListenerAdapter - Downloaded https://repo.maven.apache.org/maven2/org/freemarker/freemarker/2.3.23/freemarker-2.3.23.pom
2016-04-18 21:50:31,698 [Worker-8] INFO  o.e.m.c.i.e.AbstractTransferListenerAdapter - Downloading https://repo.maven.apache.org/maven2/org/sonatype/oss/oss-parent/9/oss-parent-9.pom
2016-04-18 21:50:31,726 [Worker-8] INFO  o.e.m.c.i.e.AbstractTransferListenerAdapter - Downloaded https://repo.maven.apache.org/maven2/org/sonatype/oss/oss-parent/9/oss-parent-9.pom
2016-04-18 21:50:31,757 [Worker-8] INFO  o.e.m.c.i.e.AbstractTransferListenerAdapter - Downloading https://repo.maven.apache.org/maven2/org/ocpsoft/prettytime/prettytime/3.2.5.Final/prettytime-3.2.5.Final.pom
2016-04-18 21:50:31,784 [Worker-8] INFO  o.e.m.c.i.e.AbstractTransferListenerAdapter - Downloaded https://repo.maven.apache.org/maven2/org/ocpsoft/prettytime/prettytime/3.2.5.Final/prettytime-3.2.5.Final.pom
2016-04-18 21:50:31,812 [Worker-8] INFO  o.e.m.c.i.e.AbstractTransferListenerAdapter - Downloading https://repo.maven.apache.org/maven2/org/ocpsoft/prettytime/prettytime-parent/3.2.5.Final/prettytime-parent-3.2.5.Final.pom
2016-04-18 21:50:31,842 [Worker-8] INFO  o.e.m.c.i.e.AbstractTransferListenerAdapter - Downloaded https://repo.maven.apache.org/maven2/org/ocpsoft/prettytime/prettytime-parent/3.2.5.Final/prettytime-parent-3.2.5.Final.pom
2016-04-18 21:50:31,876 [Worker-8] INFO  o.e.m.c.i.e.AbstractTransferListenerAdapter - Downloading https://repo.maven.apache.org/maven2/org/ocpsoft/ocpsoft-parent/9/ocpsoft-parent-9.pom
2016-04-18 21:50:31,904 [Worker-8] INFO  o.e.m.c.i.e.AbstractTransferListenerAdapter - Downloaded https://repo.maven.apache.org/maven2/org/ocpsoft/ocpsoft-parent/9/ocpsoft-parent-9.pom
2016-04-18 21:50:32,016 [Worker-8] INFO  o.e.m.c.i.e.AbstractTransferListenerAdapter - Downloading https://repo.maven.apache.org/maven2/ro/pippo/pippo-jackson/0.8.0/pippo-jackson-0.8.0.pom
2016-04-18 21:50:32,200 [Worker-8] INFO  o.e.m.c.i.e.AbstractTransferListenerAdapter - Downloaded https://repo.maven.apache.org/maven2/ro/pippo/pippo-jackson/0.8.0/pippo-jackson-0.8.0.pom
2016-04-18 21:50:32,234 [Worker-8] INFO  o.e.m.c.i.e.AbstractTransferListenerAdapter - Downloading https://repo.maven.apache.org/maven2/com/fasterxml/jackson/core/jackson-core/2.6.3/jackson-core-2.6.3.pom
2016-04-18 21:50:32,264 [Worker-8] INFO  o.e.m.c.i.e.AbstractTransferListenerAdapter - Downloaded https://repo.maven.apache.org/maven2/com/fasterxml/jackson/core/jackson-core/2.6.3/jackson-core-2.6.3.pom
2016-04-18 21:50:32,293 [Worker-8] INFO  o.e.m.c.i.e.AbstractTransferListenerAdapter - Downloading https://repo.maven.apache.org/maven2/com/fasterxml/jackson/jackson-parent/2.6.1/jackson-parent-2.6.1.pom
2016-04-18 21:50:32,340 [Worker-8] INFO  o.e.m.c.i.e.AbstractTransferListenerAdapter - Downloaded https://repo.maven.apache.org/maven2/com/fasterxml/jackson/jackson-parent/2.6.1/jackson-parent-2.6.1.pom
2016-04-18 21:50:32,373 [Worker-8] INFO  o.e.m.c.i.e.AbstractTransferListenerAdapter - Downloading https://repo.maven.apache.org/maven2/com/fasterxml/oss-parent/23/oss-parent-23.pom
2016-04-18 21:50:32,402 [Worker-8] INFO  o.e.m.c.i.e.AbstractTransferListenerAdapter - Downloaded https://repo.maven.apache.org/maven2/com/fasterxml/oss-parent/23/oss-parent-23.pom
2016-04-18 21:50:32,435 [Worker-8] INFO  o.e.m.c.i.e.AbstractTransferListenerAdapter - Downloading https://repo.maven.apache.org/maven2/com/fasterxml/jackson/module/jackson-module-afterburner/2.6.3/jackson-module-afterburner-2.6.3.pom
2016-04-18 21:50:32,470 [Worker-8] INFO  o.e.m.c.i.e.AbstractTransferListenerAdapter - Downloaded https://repo.maven.apache.org/maven2/com/fasterxml/jackson/module/jackson-module-afterburner/2.6.3/jackson-module-afterburner-2.6.3.pom
2016-04-18 21:50:32,501 [Worker-8] INFO  o.e.m.c.i.e.AbstractTransferListenerAdapter - Downloading https://repo.maven.apache.org/maven2/com/fasterxml/jackson/core/jackson-databind/2.6.3/jackson-databind-2.6.3.pom
2016-04-18 21:50:32,532 [Worker-8] INFO  o.e.m.c.i.e.AbstractTransferListenerAdapter - Downloaded https://repo.maven.apache.org/maven2/com/fasterxml/jackson/core/jackson-databind/2.6.3/jackson-databind-2.6.3.pom
2016-04-18 21:50:32,562 [Worker-8] INFO  o.e.m.c.i.e.AbstractTransferListenerAdapter - Downloading https://repo.maven.apache.org/maven2/com/fasterxml/jackson/core/jackson-annotations/2.6.0/jackson-annotations-2.6.0.pom
2016-04-18 21:50:32,591 [Worker-8] INFO  o.e.m.c.i.e.AbstractTransferListenerAdapter - Downloaded https://repo.maven.apache.org/maven2/com/fasterxml/jackson/core/jackson-annotations/2.6.0/jackson-annotations-2.6.0.pom
2016-04-18 21:50:32,628 [Worker-8] INFO  o.e.m.c.i.e.AbstractTransferListenerAdapter - Downloading https://repo.maven.apache.org/maven2/ro/pippo/pippo-core/0.8.0/pippo-core-0.8.0.jar
2016-04-18 21:50:32,716 [Worker-8] INFO  o.e.m.c.i.e.AbstractTransferListenerAdapter - Downloaded https://repo.maven.apache.org/maven2/ro/pippo/pippo-core/0.8.0/pippo-core-0.8.0.jar
2016-04-18 21:50:32,744 [Worker-8] INFO  o.e.m.c.i.e.AbstractTransferListenerAdapter - Downloading https://repo.maven.apache.org/maven2/org/slf4j/slf4j-api/1.7.7/slf4j-api-1.7.7.jar
2016-04-18 21:50:32,774 [Worker-8] INFO  o.e.m.c.i.e.AbstractTransferListenerAdapter - Downloaded https://repo.maven.apache.org/maven2/org/slf4j/slf4j-api/1.7.7/slf4j-api-1.7.7.jar
2016-04-18 21:50:32,802 [Worker-8] INFO  o.e.m.c.i.e.AbstractTransferListenerAdapter - Downloading https://repo.maven.apache.org/maven2/ro/pippo/pippo-freemarker/0.8.0/pippo-freemarker-0.8.0.jar
2016-04-18 21:50:33,030 [Worker-8] INFO  o.e.m.c.i.e.AbstractTransferListenerAdapter - Downloaded https://repo.maven.apache.org/maven2/ro/pippo/pippo-freemarker/0.8.0/pippo-freemarker-0.8.0.jar
2016-04-18 21:50:33,061 [Worker-8] INFO  o.e.m.c.i.e.AbstractTransferListenerAdapter - Downloading https://repo.maven.apache.org/maven2/org/freemarker/freemarker/2.3.23/freemarker-2.3.23.jar
2016-04-18 21:50:33,311 [Worker-8] INFO  o.e.m.c.i.e.AbstractTransferListenerAdapter - Downloaded https://repo.maven.apache.org/maven2/org/freemarker/freemarker/2.3.23/freemarker-2.3.23.jar
2016-04-18 21:50:33,340 [Worker-8] INFO  o.e.m.c.i.e.AbstractTransferListenerAdapter - Downloading https://repo.maven.apache.org/maven2/org/ocpsoft/prettytime/prettytime/3.2.5.Final/prettytime-3.2.5.Final.jar
2016-04-18 21:50:33,374 [Worker-8] INFO  o.e.m.c.i.e.AbstractTransferListenerAdapter - Downloaded https://repo.maven.apache.org/maven2/org/ocpsoft/prettytime/prettytime/3.2.5.Final/prettytime-3.2.5.Final.jar
2016-04-18 21:50:34,447 [Worker-8] INFO  o.e.m.c.i.e.AbstractTransferListenerAdapter - Downloading https://repo.maven.apache.org/maven2/ro/pippo/pippo-jackson/0.8.0/pippo-jackson-0.8.0.jar
2016-04-18 21:50:34,744 [Worker-8] INFO  o.e.m.c.i.e.AbstractTransferListenerAdapter - Downloaded https://repo.maven.apache.org/maven2/ro/pippo/pippo-jackson/0.8.0/pippo-jackson-0.8.0.jar
2016-04-18 21:50:34,774 [Worker-8] INFO  o.e.m.c.i.e.AbstractTransferListenerAdapter - Downloading https://repo.maven.apache.org/maven2/com/fasterxml/jackson/core/jackson-core/2.6.3/jackson-core-2.6.3.jar
2016-04-18 21:50:34,821 [Worker-8] INFO  o.e.m.c.i.e.AbstractTransferListenerAdapter - Downloaded https://repo.maven.apache.org/maven2/com/fasterxml/jackson/core/jackson-core/2.6.3/jackson-core-2.6.3.jar
2016-04-18 21:50:34,850 [Worker-8] INFO  o.e.m.c.i.e.AbstractTransferListenerAdapter - Downloading https://repo.maven.apache.org/maven2/com/fasterxml/jackson/module/jackson-module-afterburner/2.6.3/jackson-module-afterburner-2.6.3.jar
2016-04-18 21:50:34,888 [Worker-8] INFO  o.e.m.c.i.e.AbstractTransferListenerAdapter - Downloaded https://repo.maven.apache.org/maven2/com/fasterxml/jackson/module/jackson-module-afterburner/2.6.3/jackson-module-afterburner-2.6.3.jar
2016-04-18 21:50:34,918 [Worker-8] INFO  o.e.m.c.i.e.AbstractTransferListenerAdapter - Downloading https://repo.maven.apache.org/maven2/com/fasterxml/jackson/core/jackson-databind/2.6.3/jackson-databind-2.6.3.jar
2016-04-18 21:50:35,139 [Worker-8] INFO  o.e.m.c.i.e.AbstractTransferListenerAdapter - Downloaded https://repo.maven.apache.org/maven2/com/fasterxml/jackson/core/jackson-databind/2.6.3/jackson-databind-2.6.3.jar
2016-04-18 21:50:35,170 [Worker-8] INFO  o.e.m.c.i.e.AbstractTransferListenerAdapter - Downloading https://repo.maven.apache.org/maven2/com/fasterxml/jackson/core/jackson-annotations/2.6.0/jackson-annotations-2.6.0.jar
2016-04-18 21:50:35,203 [Worker-8] INFO  o.e.m.c.i.e.AbstractTransferListenerAdapter - Downloaded https://repo.maven.apache.org/maven2/com/fasterxml/jackson/core/jackson-annotations/2.6.0/jackson-annotations-2.6.0.jar
2016-04-18 21:50:35,339 [Worker-8] WARN  o.e.m.c.i.embedder.EclipseLogger - Using platform encoding (UTF-8 actually) to copy filtered resources, i.e. build is platform dependent!
2016-04-18 21:50:35,340 [Worker-8] INFO  o.e.m.c.i.embedder.EclipseLogger - Copying 0 resource
2016-04-18 21:50:35,341 [Worker-8] WARN  o.e.m.c.i.embedder.EclipseLogger - Using platform encoding (UTF-8 actually) to copy filtered resources, i.e. build is platform dependent!
2016-04-18 21:50:35,342 [Worker-8] INFO  o.e.m.c.i.embedder.EclipseLogger - skip non existing resourceDirectory /Users/hoffmeyer/Development/rankit-java/rankit/src/test/resources
2016-04-18 21:52:59,114 [Worker-1] INFO  o.e.m.c.i.p.ProjectConfigurationManager - Update started
2016-04-18 21:52:59,285 [Worker-1] INFO  o.e.m.c.i.l.LifecycleMappingFactory - Using org.eclipse.m2e.jdt.JarLifecycleMapping lifecycle mapping for MavenProject: dk.rankit:rankit:0.0.1-SNAPSHOT @ /Users/hoffmeyer/Development/rankit-java/rankit/pom.xml.
2016-04-18 21:52:59,370 [Worker-1] INFO  o.e.m.j.i.AbstractJavaProjectConfigurator - Adding source folder /rankit/src/main/java
2016-04-18 21:52:59,370 [Worker-1] INFO  o.e.m.j.i.AbstractJavaProjectConfigurator - Adding resource folder /rankit/src/main/resources
2016-04-18 21:52:59,371 [Worker-1] INFO  o.e.m.j.i.AbstractJavaProjectConfigurator - Adding source folder /rankit/src/test/java
2016-04-18 21:52:59,415 [Worker-1] INFO  o.e.m.c.i.p.ProjectConfigurationManager - Update completed: 0 sec
2016-04-18 21:52:59,556 [Worker-5] WARN  o.e.m.c.i.embedder.EclipseLogger - Using platform encoding (UTF-8 actually) to copy filtered resources, i.e. build is platform dependent!
2016-04-18 21:52:59,557 [Worker-5] INFO  o.e.m.c.i.embedder.EclipseLogger - Copying 0 resource
2016-04-18 21:52:59,558 [Worker-5] WARN  o.e.m.c.i.embedder.EclipseLogger - Using platform encoding (UTF-8 actually) to copy filtered resources, i.e. build is platform dependent!
2016-04-18 21:52:59,558 [Worker-5] INFO  o.e.m.c.i.embedder.EclipseLogger - skip non existing resourceDirectory /Users/hoffmeyer/Development/rankit-java/rankit/src/test/resources
2016-04-18 21:53:19,111 [Worker-5] INFO  o.e.m.c.i.e.AbstractTransferListenerAdapter - Downloading https://repo.maven.apache.org/maven2/junit/junit/3.8.1/junit-3.8.1-sources.jar
2016-04-18 21:53:19,163 [Worker-5] INFO  o.e.m.c.i.e.AbstractTransferListenerAdapter - Downloaded https://repo.maven.apache.org/maven2/junit/junit/3.8.1/junit-3.8.1-sources.jar
2016-04-18 21:53:19,175 [Worker-5] INFO  o.e.m.j.internal.DownloadSourcesJob - Downloaded sources for junit:junit:3.8.1
2016-04-18 21:53:19,434 [Worker-5] INFO  o.e.m.c.i.e.AbstractTransferListenerAdapter - Downloading https://repo.maven.apache.org/maven2/ro/pippo/pippo-core/0.8.0/pippo-core-0.8.0-sources.jar
2016-04-18 21:53:19,593 [Worker-5] INFO  o.e.m.c.i.e.AbstractTransferListenerAdapter - Downloaded https://repo.maven.apache.org/maven2/ro/pippo/pippo-core/0.8.0/pippo-core-0.8.0-sources.jar
2016-04-18 21:53:19,598 [Worker-5] INFO  o.e.m.j.internal.DownloadSourcesJob - Downloaded sources for ro.pippo:pippo-core:0.8.0
2016-04-18 21:53:19,626 [Worker-5] INFO  o.e.m.c.i.e.AbstractTransferListenerAdapter - Downloading https://repo.maven.apache.org/maven2/org/slf4j/slf4j-api/1.7.7/slf4j-api-1.7.7-sources.jar
2016-04-18 21:53:19,654 [Worker-5] INFO  o.e.m.c.i.e.AbstractTransferListenerAdapter - Downloaded https://repo.maven.apache.org/maven2/org/slf4j/slf4j-api/1.7.7/slf4j-api-1.7.7-sources.jar
2016-04-18 21:53:19,665 [Worker-5] INFO  o.e.m.j.internal.DownloadSourcesJob - Downloaded sources for org.slf4j:slf4j-api:1.7.7
2016-04-18 21:53:19,784 [Worker-5] INFO  o.e.m.c.i.e.AbstractTransferListenerAdapter - Downloading https://repo.maven.apache.org/maven2/ro/pippo/pippo-freemarker/0.8.0/pippo-freemarker-0.8.0-sources.jar
2016-04-18 21:53:19,808 [Worker-5] INFO  o.e.m.c.i.e.AbstractTransferListenerAdapter - Downloaded https://repo.maven.apache.org/maven2/ro/pippo/pippo-freemarker/0.8.0/pippo-freemarker-0.8.0-sources.jar
2016-04-18 21:53:19,812 [Worker-5] INFO  o.e.m.j.internal.DownloadSourcesJob - Downloaded sources for ro.pippo:pippo-freemarker:0.8.0
2016-04-18 21:53:19,850 [Worker-5] INFO  o.e.m.c.i.e.AbstractTransferListenerAdapter - Downloading https://repo.maven.apache.org/maven2/org/freemarker/freemarker/2.3.23/freemarker-2.3.23-sources.jar
2016-04-18 21:53:20,004 [Worker-5] INFO  o.e.m.c.i.e.AbstractTransferListenerAdapter - Downloaded https://repo.maven.apache.org/maven2/org/freemarker/freemarker/2.3.23/freemarker-2.3.23-sources.jar
2016-04-18 21:53:20,009 [Worker-5] INFO  o.e.m.j.internal.DownloadSourcesJob - Downloaded sources for org.freemarker:freemarker:2.3.23
2016-04-18 21:53:20,037 [Worker-5] INFO  o.e.m.c.i.e.AbstractTransferListenerAdapter - Downloading https://repo.maven.apache.org/maven2/org/ocpsoft/prettytime/prettytime/3.2.5.Final/prettytime-3.2.5.Final-sources.jar
2016-04-18 21:53:20,068 [Worker-5] INFO  o.e.m.c.i.e.AbstractTransferListenerAdapter - Downloaded https://repo.maven.apache.org/maven2/org/ocpsoft/prettytime/prettytime/3.2.5.Final/prettytime-3.2.5.Final-sources.jar
2016-04-18 21:53:20,073 [Worker-5] INFO  o.e.m.j.internal.DownloadSourcesJob - Downloaded sources for org.ocpsoft.prettytime:prettytime:3.2.5.Final
2016-04-18 21:53:20,190 [Worker-5] INFO  o.e.m.c.i.e.AbstractTransferListenerAdapter - Downloading https://repo.maven.apache.org/maven2/ro/pippo/pippo-jackson/0.8.0/pippo-jackson-0.8.0-sources.jar
2016-04-18 21:53:20,340 [Worker-5] INFO  o.e.m.c.i.e.AbstractTransferListenerAdapter - Downloaded https://repo.maven.apache.org/maven2/ro/pippo/pippo-jackson/0.8.0/pippo-jackson-0.8.0-sources.jar
2016-04-18 21:53:20,345 [Worker-5] INFO  o.e.m.j.internal.DownloadSourcesJob - Downloaded sources for ro.pippo:pippo-jackson:0.8.0
2016-04-18 21:53:20,372 [Worker-5] INFO  o.e.m.c.i.e.AbstractTransferListenerAdapter - Downloading https://repo.maven.apache.org/maven2/com/fasterxml/jackson/core/jackson-core/2.6.3/jackson-core-2.6.3-sources.jar
2016-04-18 21:53:20,422 [Worker-5] INFO  o.e.m.c.i.e.AbstractTransferListenerAdapter - Downloaded https://repo.maven.apache.org/maven2/com/fasterxml/jackson/core/jackson-core/2.6.3/jackson-core-2.6.3-sources.jar
2016-04-18 21:53:20,426 [Worker-5] INFO  o.e.m.j.internal.DownloadSourcesJob - Downloaded sources for com.fasterxml.jackson.core:jackson-core:2.6.3
2016-04-18 21:53:20,454 [Worker-5] INFO  o.e.m.c.i.e.AbstractTransferListenerAdapter - Downloading https://repo.maven.apache.org/maven2/com/fasterxml/jackson/module/jackson-module-afterburner/2.6.3/jackson-module-afterburner-2.6.3-sources.jar
2016-04-18 21:53:20,480 [Worker-5] INFO  o.e.m.c.i.e.AbstractTransferListenerAdapter - Downloaded https://repo.maven.apache.org/maven2/com/fasterxml/jackson/module/jackson-module-afterburner/2.6.3/jackson-module-afterburner-2.6.3-sources.jar
2016-04-18 21:53:20,485 [Worker-5] INFO  o.e.m.j.internal.DownloadSourcesJob - Downloaded sources for com.fasterxml.jackson.module:jackson-module-afterburner:2.6.3
2016-04-18 21:53:20,519 [Worker-5] INFO  o.e.m.c.i.e.AbstractTransferListenerAdapter - Downloading https://repo.maven.apache.org/maven2/com/fasterxml/jackson/core/jackson-databind/2.6.3/jackson-databind-2.6.3-sources.jar
2016-04-18 21:53:20,619 [Worker-5] INFO  o.e.m.c.i.e.AbstractTransferListenerAdapter - Downloaded https://repo.maven.apache.org/maven2/com/fasterxml/jackson/core/jackson-databind/2.6.3/jackson-databind-2.6.3-sources.jar
2016-04-18 21:53:20,625 [Worker-5] INFO  o.e.m.j.internal.DownloadSourcesJob - Downloaded sources for com.fasterxml.jackson.core:jackson-databind:2.6.3
2016-04-18 21:53:20,651 [Worker-5] INFO  o.e.m.c.i.e.AbstractTransferListenerAdapter - Downloading https://repo.maven.apache.org/maven2/com/fasterxml/jackson/core/jackson-annotations/2.6.0/jackson-annotations-2.6.0-sources.jar
2016-04-18 21:53:20,682 [Worker-5] INFO  o.e.m.c.i.e.AbstractTransferListenerAdapter - Downloaded https://repo.maven.apache.org/maven2/com/fasterxml/jackson/core/jackson-annotations/2.6.0/jackson-annotations-2.6.0-sources.jar
2016-04-18 21:53:20,688 [Worker-5] INFO  o.e.m.j.internal.DownloadSourcesJob - Downloaded sources for com.fasterxml.jackson.core:jackson-annotations:2.6.0
2016-04-18 21:53:20,804 [Worker-2] WARN  o.e.m.c.i.embedder.EclipseLogger - Using platform encoding (UTF-8 actually) to copy filtered resources, i.e. build is platform dependent!
2016-04-18 21:53:20,805 [Worker-2] INFO  o.e.m.c.i.embedder.EclipseLogger - Copying 0 resource
2016-04-18 21:53:20,806 [Worker-2] WARN  o.e.m.c.i.embedder.EclipseLogger - Using platform encoding (UTF-8 actually) to copy filtered resources, i.e. build is platform dependent!
2016-04-18 21:53:20,806 [Worker-2] INFO  o.e.m.c.i.embedder.EclipseLogger - skip non existing resourceDirectory /Users/hoffmeyer/Development/rankit-java/rankit/src/test/resources
2016-04-18 21:53:55,611 [main] INFO  c.g.t.t.d.PublishedGradleVersions - Gradle version information cache file is out-of-date. Remote download required.
2016-04-18 21:55:59,727 [Worker-8] WARN  o.e.m.c.i.embedder.EclipseLogger - Using platform encoding (UTF-8 actually) to copy filtered resources, i.e. build is platform dependent!
2016-04-18 21:55:59,728 [Worker-8] INFO  o.e.m.c.i.embedder.EclipseLogger - Copying 1 resource
2016-04-18 21:55:59,733 [Worker-8] WARN  o.e.m.c.i.embedder.EclipseLogger - Using platform encoding (UTF-8 actually) to copy filtered resources, i.e. build is platform dependent!
2016-04-18 21:55:59,733 [Worker-8] INFO  o.e.m.c.i.embedder.EclipseLogger - skip non existing resourceDirectory /Users/hoffmeyer/Development/rankit-java/rankit/src/test/resources
2016-04-18 21:56:00,739 [Worker-8] WARN  o.e.m.c.i.embedder.EclipseLogger - Using platform encoding (UTF-8 actually) to copy filtered resources, i.e. build is platform dependent!
2016-04-18 21:56:00,740 [Worker-8] INFO  o.e.m.c.i.embedder.EclipseLogger - Copying 0 resource
2016-04-18 21:56:00,740 [Worker-8] WARN  o.e.m.c.i.embedder.EclipseLogger - Using platform encoding (UTF-8 actually) to copy filtered resources, i.e. build is platform dependent!
2016-04-18 21:56:00,740 [Worker-8] INFO  o.e.m.c.i.embedder.EclipseLogger - skip non existing resourceDirectory /Users/hoffmeyer/Development/rankit-java/rankit/src/test/resources
2016-04-18 21:56:10,733 [Worker-8] WARN  o.e.m.c.i.embedder.EclipseLogger - Using platform encoding (UTF-8 actually) to copy filtered resources, i.e. build is platform dependent!
2016-04-18 21:56:10,733 [Worker-8] INFO  o.e.m.c.i.embedder.EclipseLogger - Copying 0 resource
2016-04-18 21:56:10,734 [Worker-8] WARN  o.e.m.c.i.embedder.EclipseLogger - Using platform encoding (UTF-8 actually) to copy filtered resources, i.e. build is platform dependent!
2016-04-18 21:56:10,734 [Worker-8] INFO  o.e.m.c.i.embedder.EclipseLogger - skip non existing resourceDirectory /Users/hoffmeyer/Development/rankit-java/rankit/src/test/resources
2016-04-18 21:56:56,906 [Worker-8] WARN  o.e.m.c.i.embedder.EclipseLogger - Using platform encoding (UTF-8 actually) to copy filtered resources, i.e. build is platform dependent!
2016-04-18 21:56:56,906 [Worker-8] INFO  o.e.m.c.i.embedder.EclipseLogger - Copying 0 resource
2016-04-18 21:56:56,907 [Worker-8] WARN  o.e.m.c.i.embedder.EclipseLogger - Using platform encoding (UTF-8 actually) to copy filtered resources, i.e. build is platform dependent!
2016-04-18 21:56:56,907 [Worker-8] INFO  o.e.m.c.i.embedder.EclipseLogger - skip non existing resourceDirectory /Users/hoffmeyer/Development/rankit-java/rankit/src/test/resources
2016-04-18 21:57:10,502 [Worker-18] WARN  o.e.m.c.i.embedder.EclipseLogger - Using platform encoding (UTF-8 actually) to copy filtered resources, i.e. build is platform dependent!
2016-04-18 21:57:10,502 [Worker-18] INFO  o.e.m.c.i.embedder.EclipseLogger - Copying 0 resource
2016-04-18 21:57:10,502 [Worker-18] WARN  o.e.m.c.i.embedder.EclipseLogger - Using platform encoding (UTF-8 actually) to copy filtered resources, i.e. build is platform dependent!
2016-04-18 21:57:10,503 [Worker-18] INFO  o.e.m.c.i.embedder.EclipseLogger - skip non existing resourceDirectory /Users/hoffmeyer/Development/rankit-java/rankit/src/test/resources
2016-04-18 21:59:48,938 [Worker-18] INFO  o.e.m.c.i.l.LifecycleMappingFactory - Using org.eclipse.m2e.jdt.JarLifecycleMapping lifecycle mapping for MavenProject: dk.rankit:rankit:0.0.1-SNAPSHOT @ /Users/hoffmeyer/Development/rankit-java/rankit/pom.xml.
2016-04-18 21:59:48,989 [Worker-18] INFO  o.e.m.j.i.AbstractJavaProjectConfigurator - Adding source folder /rankit/src/main/java
2016-04-18 21:59:48,989 [Worker-18] INFO  o.e.m.j.i.AbstractJavaProjectConfigurator - Adding resource folder /rankit/src/main/resources
2016-04-18 21:59:48,989 [Worker-18] INFO  o.e.m.j.i.AbstractJavaProjectConfigurator - Adding source folder /rankit/src/test/java
2016-04-18 21:59:48,989 [Worker-18] INFO  o.e.m.j.i.AbstractJavaProjectConfigurator - Adding resource folder /rankit/src/test/resources
2016-04-18 21:59:49,155 [Worker-17] WARN  o.e.m.c.i.embedder.EclipseLogger - Using platform encoding (UTF-8 actually) to copy filtered resources, i.e. build is platform dependent!
2016-04-18 21:59:49,156 [Worker-17] INFO  o.e.m.c.i.embedder.EclipseLogger - Copying 0 resource
2016-04-18 21:59:49,156 [Worker-17] WARN  o.e.m.c.i.embedder.EclipseLogger - Using platform encoding (UTF-8 actually) to copy filtered resources, i.e. build is platform dependent!
2016-04-18 21:59:49,157 [Worker-17] INFO  o.e.m.c.i.embedder.EclipseLogger - Copying 0 resource
2016-04-18 22:00:21,217 [Worker-22] INFO  o.e.m.c.i.l.LifecycleMappingFactory - Using org.eclipse.m2e.jdt.JarLifecycleMapping lifecycle mapping for MavenProject: dk.rankit:rankit:0.0.1-SNAPSHOT @ /Users/hoffmeyer/Development/rankit-java/rankit/pom.xml.
2016-04-18 22:00:21,536 [Worker-22] INFO  o.e.m.c.i.e.AbstractTransferListenerAdapter - Downloaded https://repo.maven.apache.org/maven2/ro/pippo/pippo-core/${pippo.version}/pippo-core-${pippo.version}.pom
2016-04-18 22:00:21,537 [Worker-22] WARN  o.e.m.c.i.embedder.EclipseLogger - The POM for ro.pippo:pippo-core:jar:${pippo.version} is missing, no dependency information available
2016-04-18 22:00:21,806 [Worker-22] INFO  o.e.m.c.i.e.AbstractTransferListenerAdapter - Downloaded https://repo.maven.apache.org/maven2/ro/pippo/pippo-freemarker/${pippo.version}/pippo-freemarker-${pippo.version}.pom
2016-04-18 22:00:21,807 [Worker-22] WARN  o.e.m.c.i.embedder.EclipseLogger - The POM for ro.pippo:pippo-freemarker:jar:${pippo.version} is missing, no dependency information available
2016-04-18 22:00:22,093 [Worker-22] INFO  o.e.m.c.i.e.AbstractTransferListenerAdapter - Downloaded https://repo.maven.apache.org/maven2/ro/pippo/pippo-jackson/${pippo.version}/pippo-jackson-${pippo.version}.pom
2016-04-18 22:00:22,093 [Worker-22] WARN  o.e.m.c.i.embedder.EclipseLogger - The POM for ro.pippo:pippo-jackson:jar:${pippo.version} is missing, no dependency information available
2016-04-18 22:00:22,342 [Worker-22] INFO  o.e.m.c.i.e.AbstractTransferListenerAdapter - Downloaded https://repo.maven.apache.org/maven2/ro/pippo/pippo-core/${pippo.version}/pippo-core-${pippo.version}.jar
2016-04-18 22:00:22,612 [Worker-22] INFO  o.e.m.c.i.e.AbstractTransferListenerAdapter - Downloaded https://repo.maven.apache.org/maven2/ro/pippo/pippo-freemarker/${pippo.version}/pippo-freemarker-${pippo.version}.jar
2016-04-18 22:00:22,918 [Worker-22] INFO  o.e.m.c.i.e.AbstractTransferListenerAdapter - Downloaded https://repo.maven.apache.org/maven2/ro/pippo/pippo-jackson/${pippo.version}/pippo-jackson-${pippo.version}.jar
2016-04-18 22:00:22,979 [Worker-22] WARN  o.e.m.c.i.embedder.EclipseLogger - Using platform encoding (UTF-8 actually) to copy filtered resources, i.e. build is platform dependent!
2016-04-18 22:00:22,980 [Worker-22] INFO  o.e.m.c.i.embedder.EclipseLogger - Copying 0 resource
2016-04-18 22:00:22,981 [Worker-22] WARN  o.e.m.c.i.embedder.EclipseLogger - Using platform encoding (UTF-8 actually) to copy filtered resources, i.e. build is platform dependent!
2016-04-18 22:00:22,981 [Worker-22] INFO  o.e.m.c.i.embedder.EclipseLogger - Copying 0 resource
2016-04-18 22:00:50,124 [Worker-20] INFO  o.e.m.c.i.l.LifecycleMappingFactory - Using org.eclipse.m2e.jdt.JarLifecycleMapping lifecycle mapping for MavenProject: dk.rankit:rankit:0.0.1-SNAPSHOT @ /Users/hoffmeyer/Development/rankit-java/rankit/pom.xml.
2016-04-18 22:00:50,205 [Worker-20] WARN  o.e.m.c.i.embedder.EclipseLogger - Using platform encoding (UTF-8 actually) to copy filtered resources, i.e. build is platform dependent!
2016-04-18 22:00:50,206 [Worker-20] INFO  o.e.m.c.i.embedder.EclipseLogger - Copying 0 resource
2016-04-18 22:00:50,207 [Worker-20] WARN  o.e.m.c.i.embedder.EclipseLogger - Using platform encoding (UTF-8 actually) to copy filtered resources, i.e. build is platform dependent!
2016-04-18 22:00:50,208 [Worker-20] INFO  o.e.m.c.i.embedder.EclipseLogger - Copying 0 resource
2016-04-18 22:02:35,524 [Worker-18] WARN  o.e.m.c.i.embedder.EclipseLogger - Using platform encoding (UTF-8 actually) to copy filtered resources, i.e. build is platform dependent!
2016-04-18 22:02:35,524 [Worker-18] INFO  o.e.m.c.i.embedder.EclipseLogger - Copying 0 resource
2016-04-18 22:02:35,524 [Worker-18] WARN  o.e.m.c.i.embedder.EclipseLogger - Using platform encoding (UTF-8 actually) to copy filtered resources, i.e. build is platform dependent!
2016-04-18 22:02:35,525 [Worker-18] INFO  o.e.m.c.i.embedder.EclipseLogger - Copying 0 resource
2016-04-18 22:03:10,011 [Worker-22] WARN  o.e.m.c.i.embedder.EclipseLogger - Using platform encoding (UTF-8 actually) to copy filtered resources, i.e. build is platform dependent!
2016-04-18 22:03:10,013 [Worker-22] INFO  o.e.m.c.i.embedder.EclipseLogger - Copying 0 resource
2016-04-18 22:03:10,014 [Worker-22] WARN  o.e.m.c.i.embedder.EclipseLogger - Using platform encoding (UTF-8 actually) to copy filtered resources, i.e. build is platform dependent!
2016-04-18 22:03:10,014 [Worker-22] INFO  o.e.m.c.i.embedder.EclipseLogger - Copying 0 resource
2016-04-18 22:03:35,967 [Worker-18] WARN  o.e.m.c.i.embedder.EclipseLogger - Using platform encoding (UTF-8 actually) to copy filtered resources, i.e. build is platform dependent!
2016-04-18 22:03:35,968 [Worker-18] INFO  o.e.m.c.i.embedder.EclipseLogger - Copying 0 resource
2016-04-18 22:03:35,968 [Worker-18] WARN  o.e.m.c.i.embedder.EclipseLogger - Using platform encoding (UTF-8 actually) to copy filtered resources, i.e. build is platform dependent!
2016-04-18 22:03:35,969 [Worker-18] INFO  o.e.m.c.i.embedder.EclipseLogger - Copying 0 resource
2016-04-18 22:03:56,811 [Worker-22] WARN  o.e.m.c.i.embedder.EclipseLogger - Using platform encoding (UTF-8 actually) to copy filtered resources, i.e. build is platform dependent!
2016-04-18 22:03:56,812 [Worker-22] INFO  o.e.m.c.i.embedder.EclipseLogger - Copying 0 resource
2016-04-18 22:03:56,813 [Worker-22] WARN  o.e.m.c.i.embedder.EclipseLogger - Using platform encoding (UTF-8 actually) to copy filtered resources, i.e. build is platform dependent!
2016-04-18 22:03:56,813 [Worker-22] INFO  o.e.m.c.i.embedder.EclipseLogger - Copying 0 resource
2016-04-18 22:04:22,405 [Worker-17] WARN  o.e.m.c.i.embedder.EclipseLogger - Using platform encoding (UTF-8 actually) to copy filtered resources, i.e. build is platform dependent!
2016-04-18 22:04:22,405 [Worker-17] INFO  o.e.m.c.i.embedder.EclipseLogger - Copying 0 resource
2016-04-18 22:04:22,406 [Worker-17] WARN  o.e.m.c.i.embedder.EclipseLogger - Using platform encoding (UTF-8 actually) to copy filtered resources, i.e. build is platform dependent!
2016-04-18 22:04:22,406 [Worker-17] INFO  o.e.m.c.i.embedder.EclipseLogger - Copying 0 resource
2016-04-18 22:04:43,640 [Worker-17] WARN  o.e.m.c.i.embedder.EclipseLogger - Using platform encoding (UTF-8 actually) to copy filtered resources, i.e. build is platform dependent!
2016-04-18 22:04:43,640 [Worker-17] INFO  o.e.m.c.i.embedder.EclipseLogger - Copying 0 resource
2016-04-18 22:04:43,641 [Worker-17] WARN  o.e.m.c.i.embedder.EclipseLogger - Using platform encoding (UTF-8 actually) to copy filtered resources, i.e. build is platform dependent!
2016-04-18 22:04:43,641 [Worker-17] INFO  o.e.m.c.i.embedder.EclipseLogger - Copying 0 resource
2016-04-18 22:06:47,569 [Worker-22] WARN  o.e.m.c.i.embedder.EclipseLogger - Using platform encoding (UTF-8 actually) to copy filtered resources, i.e. build is platform dependent!
2016-04-18 22:06:47,569 [Worker-22] INFO  o.e.m.c.i.embedder.EclipseLogger - Copying 0 resource
2016-04-18 22:06:47,571 [Worker-22] WARN  o.e.m.c.i.embedder.EclipseLogger - Using platform encoding (UTF-8 actually) to copy filtered resources, i.e. build is platform dependent!
2016-04-18 22:06:47,571 [Worker-22] INFO  o.e.m.c.i.embedder.EclipseLogger - Copying 0 resource
2016-04-18 22:09:09,259 [Worker-23] INFO  o.e.m.c.i.l.LifecycleMappingFactory - Using org.eclipse.m2e.jdt.JarLifecycleMapping lifecycle mapping for MavenProject: dk.rankit:rankit:0.0.1-SNAPSHOT @ /Users/hoffmeyer/Development/rankit-java/rankit/pom.xml.
2016-04-18 22:09:10,010 [Worker-23] INFO  o.e.m.c.i.e.AbstractTransferListenerAdapter - Downloaded https://repo.maven.apache.org/maven2/ro/pippo/pippo-jetty/${pippo.version}/pippo-jetty-${pippo.version}.pom
2016-04-18 22:09:10,010 [Worker-23] WARN  o.e.m.c.i.embedder.EclipseLogger - The POM for ro.pippo:pippo-jetty:jar:${pippo.version} is missing, no dependency information available
2016-04-18 22:09:10,278 [Worker-23] INFO  o.e.m.c.i.e.AbstractTransferListenerAdapter - Downloaded https://repo.maven.apache.org/maven2/ro/pippo/pippo-jetty/${pippo.version}/pippo-jetty-${pippo.version}.jar
2016-04-18 22:09:10,325 [Worker-23] WARN  o.e.m.c.i.embedder.EclipseLogger - Using platform encoding (UTF-8 actually) to copy filtered resources, i.e. build is platform dependent!
2016-04-18 22:09:10,326 [Worker-23] INFO  o.e.m.c.i.embedder.EclipseLogger - Copying 0 resource
2016-04-18 22:09:10,327 [Worker-23] WARN  o.e.m.c.i.embedder.EclipseLogger - Using platform encoding (UTF-8 actually) to copy filtered resources, i.e. build is platform dependent!
2016-04-18 22:09:10,327 [Worker-23] INFO  o.e.m.c.i.embedder.EclipseLogger - Copying 0 resource
2016-04-18 22:09:16,886 [Worker-24] INFO  o.e.m.c.i.e.AbstractTransferListenerAdapter - Downloading https://repo.maven.apache.org/maven2/ro/pippo/pippo-jetty/0.8.0/pippo-jetty-0.8.0.pom
2016-04-18 22:09:16,928 [Worker-25] INFO  o.e.m.c.i.l.LifecycleMappingFactory - Using org.eclipse.m2e.jdt.JarLifecycleMapping lifecycle mapping for MavenProject: dk.rankit:rankit:0.0.1-SNAPSHOT @ /Users/hoffmeyer/Development/rankit-java/rankit/pom.xml.
2016-04-18 22:09:17,097 [Worker-24] INFO  o.e.m.c.i.e.AbstractTransferListenerAdapter - Downloaded https://repo.maven.apache.org/maven2/ro/pippo/pippo-jetty/0.8.0/pippo-jetty-0.8.0.pom
2016-04-18 22:09:17,125 [Worker-24] INFO  o.e.m.c.i.e.AbstractTransferListenerAdapter - Downloading https://repo.maven.apache.org/maven2/org/eclipse/jetty/jetty-server/9.3.5.v20151012/jetty-server-9.3.5.v20151012.pom
2016-04-18 22:09:17,151 [Worker-24] INFO  o.e.m.c.i.e.AbstractTransferListenerAdapter - Downloaded https://repo.maven.apache.org/maven2/org/eclipse/jetty/jetty-server/9.3.5.v20151012/jetty-server-9.3.5.v20151012.pom
2016-04-18 22:09:17,199 [Worker-24] INFO  o.e.m.c.i.e.AbstractTransferListenerAdapter - Downloading https://repo.maven.apache.org/maven2/org/eclipse/jetty/jetty-project/9.3.5.v20151012/jetty-project-9.3.5.v20151012.pom
2016-04-18 22:09:17,227 [Worker-24] INFO  o.e.m.c.i.e.AbstractTransferListenerAdapter - Downloaded https://repo.maven.apache.org/maven2/org/eclipse/jetty/jetty-project/9.3.5.v20151012/jetty-project-9.3.5.v20151012.pom
2016-04-18 22:09:17,255 [Worker-24] INFO  o.e.m.c.i.e.AbstractTransferListenerAdapter - Downloading https://repo.maven.apache.org/maven2/org/eclipse/jetty/jetty-parent/25/jetty-parent-25.pom
2016-04-18 22:09:17,280 [Worker-24] INFO  o.e.m.c.i.e.AbstractTransferListenerAdapter - Downloaded https://repo.maven.apache.org/maven2/org/eclipse/jetty/jetty-parent/25/jetty-parent-25.pom
2016-04-18 22:09:17,439 [Worker-25] INFO  o.e.m.c.i.e.AbstractTransferListenerAdapter - Downloading https://repo.maven.apache.org/maven2/javax/servlet/javax.servlet-api/3.1.0/javax.servlet-api-3.1.0.pom
2016-04-18 22:09:17,462 [Worker-25] INFO  o.e.m.c.i.e.AbstractTransferListenerAdapter - Downloaded https://repo.maven.apache.org/maven2/javax/servlet/javax.servlet-api/3.1.0/javax.servlet-api-3.1.0.pom
2016-04-18 22:09:17,487 [Worker-25] INFO  o.e.m.c.i.e.AbstractTransferListenerAdapter - Downloading https://repo.maven.apache.org/maven2/net/java/jvnet-parent/3/jvnet-parent-3.pom
2016-04-18 22:09:17,514 [Worker-25] INFO  o.e.m.c.i.e.AbstractTransferListenerAdapter - Downloaded https://repo.maven.apache.org/maven2/net/java/jvnet-parent/3/jvnet-parent-3.pom
2016-04-18 22:09:17,539 [Worker-25] INFO  o.e.m.c.i.e.AbstractTransferListenerAdapter - Downloading https://repo.maven.apache.org/maven2/org/eclipse/jetty/jetty-http/9.3.5.v20151012/jetty-http-9.3.5.v20151012.pom
2016-04-18 22:09:17,562 [Worker-25] INFO  o.e.m.c.i.e.AbstractTransferListenerAdapter - Downloaded https://repo.maven.apache.org/maven2/org/eclipse/jetty/jetty-http/9.3.5.v20151012/jetty-http-9.3.5.v20151012.pom
2016-04-18 22:09:17,589 [Worker-25] INFO  o.e.m.c.i.e.AbstractTransferListenerAdapter - Downloading https://repo.maven.apache.org/maven2/org/eclipse/jetty/jetty-util/9.3.5.v20151012/jetty-util-9.3.5.v20151012.pom
2016-04-18 22:09:17,624 [Worker-25] INFO  o.e.m.c.i.e.AbstractTransferListenerAdapter - Downloaded https://repo.maven.apache.org/maven2/org/eclipse/jetty/jetty-util/9.3.5.v20151012/jetty-util-9.3.5.v20151012.pom
2016-04-18 22:09:17,652 [Worker-24] INFO  o.e.m.c.i.e.AbstractTransferListenerAdapter - Downloading https://repo.maven.apache.org/maven2/org/eclipse/jetty/jetty-io/9.3.5.v20151012/jetty-io-9.3.5.v20151012.pom
2016-04-18 22:09:17,675 [Worker-24] INFO  o.e.m.c.i.e.AbstractTransferListenerAdapter - Downloaded https://repo.maven.apache.org/maven2/org/eclipse/jetty/jetty-io/9.3.5.v20151012/jetty-io-9.3.5.v20151012.pom
2016-04-18 22:09:17,707 [Worker-24] INFO  o.e.m.c.i.e.AbstractTransferListenerAdapter - Downloading https://repo.maven.apache.org/maven2/org/eclipse/jetty/jetty-annotations/9.3.5.v20151012/jetty-annotations-9.3.5.v20151012.pom
2016-04-18 22:09:17,735 [Worker-24] INFO  o.e.m.c.i.e.AbstractTransferListenerAdapter - Downloaded https://repo.maven.apache.org/maven2/org/eclipse/jetty/jetty-annotations/9.3.5.v20151012/jetty-annotations-9.3.5.v20151012.pom
2016-04-18 22:09:17,761 [Worker-24] INFO  o.e.m.c.i.e.AbstractTransferListenerAdapter - Downloading https://repo.maven.apache.org/maven2/org/eclipse/jetty/jetty-plus/9.3.5.v20151012/jetty-plus-9.3.5.v20151012.pom
2016-04-18 22:09:17,786 [Worker-24] INFO  o.e.m.c.i.e.AbstractTransferListenerAdapter - Downloaded https://repo.maven.apache.org/maven2/org/eclipse/jetty/jetty-plus/9.3.5.v20151012/jetty-plus-9.3.5.v20151012.pom
2016-04-18 22:09:17,814 [Worker-24] INFO  o.e.m.c.i.e.AbstractTransferListenerAdapter - Downloading https://repo.maven.apache.org/maven2/org/eclipse/jetty/jetty-webapp/9.3.5.v20151012/jetty-webapp-9.3.5.v20151012.pom
2016-04-18 22:09:17,844 [Worker-24] INFO  o.e.m.c.i.e.AbstractTransferListenerAdapter - Downloaded https://repo.maven.apache.org/maven2/org/eclipse/jetty/jetty-webapp/9.3.5.v20151012/jetty-webapp-9.3.5.v20151012.pom
2016-04-18 22:09:17,871 [Worker-25] INFO  o.e.m.c.i.e.AbstractTransferListenerAdapter - Downloading https://repo.maven.apache.org/maven2/org/eclipse/jetty/jetty-xml/9.3.5.v20151012/jetty-xml-9.3.5.v20151012.pom
2016-04-18 22:09:17,895 [Worker-25] INFO  o.e.m.c.i.e.AbstractTransferListenerAdapter - Downloaded https://repo.maven.apache.org/maven2/org/eclipse/jetty/jetty-xml/9.3.5.v20151012/jetty-xml-9.3.5.v20151012.pom
2016-04-18 22:09:17,924 [Worker-25] INFO  o.e.m.c.i.e.AbstractTransferListenerAdapter - Downloading https://repo.maven.apache.org/maven2/org/eclipse/jetty/jetty-servlet/9.3.5.v20151012/jetty-servlet-9.3.5.v20151012.pom
2016-04-18 22:09:17,949 [Worker-25] INFO  o.e.m.c.i.e.AbstractTransferListenerAdapter - Downloaded https://repo.maven.apache.org/maven2/org/eclipse/jetty/jetty-servlet/9.3.5.v20151012/jetty-servlet-9.3.5.v20151012.pom
2016-04-18 22:09:17,976 [Worker-25] INFO  o.e.m.c.i.e.AbstractTransferListenerAdapter - Downloading https://repo.maven.apache.org/maven2/org/eclipse/jetty/jetty-security/9.3.5.v20151012/jetty-security-9.3.5.v20151012.pom
2016-04-18 22:09:18,001 [Worker-25] INFO  o.e.m.c.i.e.AbstractTransferListenerAdapter - Downloaded https://repo.maven.apache.org/maven2/org/eclipse/jetty/jetty-security/9.3.5.v20151012/jetty-security-9.3.5.v20151012.pom
2016-04-18 22:09:18,030 [Worker-24] INFO  o.e.m.c.i.e.AbstractTransferListenerAdapter - Downloading https://repo.maven.apache.org/maven2/org/eclipse/jetty/jetty-jndi/9.3.5.v20151012/jetty-jndi-9.3.5.v20151012.pom
2016-04-18 22:09:18,054 [Worker-24] INFO  o.e.m.c.i.e.AbstractTransferListenerAdapter - Downloaded https://repo.maven.apache.org/maven2/org/eclipse/jetty/jetty-jndi/9.3.5.v20151012/jetty-jndi-9.3.5.v20151012.pom
2016-04-18 22:09:18,083 [Worker-25] INFO  o.e.m.c.i.e.AbstractTransferListenerAdapter - Downloading https://repo.maven.apache.org/maven2/javax/annotation/javax.annotation-api/1.2/javax.annotation-api-1.2.pom
2016-04-18 22:09:18,111 [Worker-25] INFO  o.e.m.c.i.e.AbstractTransferListenerAdapter - Downloaded https://repo.maven.apache.org/maven2/javax/annotation/javax.annotation-api/1.2/javax.annotation-api-1.2.pom
2016-04-18 22:09:18,139 [Worker-24] INFO  o.e.m.c.i.e.AbstractTransferListenerAdapter - Downloading https://repo.maven.apache.org/maven2/org/ow2/asm/asm/5.0.1/asm-5.0.1.pom
2016-04-18 22:09:18,163 [Worker-24] INFO  o.e.m.c.i.e.AbstractTransferListenerAdapter - Downloaded https://repo.maven.apache.org/maven2/org/ow2/asm/asm/5.0.1/asm-5.0.1.pom
2016-04-18 22:09:18,188 [Worker-24] INFO  o.e.m.c.i.e.AbstractTransferListenerAdapter - Downloading https://repo.maven.apache.org/maven2/org/ow2/asm/asm-parent/5.0.1/asm-parent-5.0.1.pom
2016-04-18 22:09:18,215 [Worker-24] INFO  o.e.m.c.i.e.AbstractTransferListenerAdapter - Downloaded https://repo.maven.apache.org/maven2/org/ow2/asm/asm-parent/5.0.1/asm-parent-5.0.1.pom
2016-04-18 22:09:18,239 [Worker-24] INFO  o.e.m.c.i.e.AbstractTransferListenerAdapter - Downloading https://repo.maven.apache.org/maven2/org/ow2/ow2/1.3/ow2-1.3.pom
2016-04-18 22:09:18,268 [Worker-24] INFO  o.e.m.c.i.e.AbstractTransferListenerAdapter - Downloaded https://repo.maven.apache.org/maven2/org/ow2/ow2/1.3/ow2-1.3.pom
2016-04-18 22:09:18,293 [Worker-24] INFO  o.e.m.c.i.e.AbstractTransferListenerAdapter - Downloading https://repo.maven.apache.org/maven2/org/ow2/asm/asm-commons/5.0.1/asm-commons-5.0.1.pom
2016-04-18 22:09:18,316 [Worker-24] INFO  o.e.m.c.i.e.AbstractTransferListenerAdapter - Downloaded https://repo.maven.apache.org/maven2/org/ow2/asm/asm-commons/5.0.1/asm-commons-5.0.1.pom
2016-04-18 22:09:18,347 [Worker-24] INFO  o.e.m.c.i.e.AbstractTransferListenerAdapter - Downloading https://repo.maven.apache.org/maven2/org/ow2/asm/asm-tree/5.0.1/asm-tree-5.0.1.pom
2016-04-18 22:09:18,371 [Worker-24] INFO  o.e.m.c.i.e.AbstractTransferListenerAdapter - Downloaded https://repo.maven.apache.org/maven2/org/ow2/asm/asm-tree/5.0.1/asm-tree-5.0.1.pom
2016-04-18 22:09:18,502 [Worker-25] INFO  o.e.m.c.i.e.AbstractTransferListenerAdapter - Downloading https://repo.maven.apache.org/maven2/ro/pippo/pippo-jetty/0.8.0/pippo-jetty-0.8.0.jar
2016-04-18 22:09:18,617 [Worker-25] INFO  o.e.m.c.i.e.AbstractTransferListenerAdapter - Downloaded https://repo.maven.apache.org/maven2/ro/pippo/pippo-jetty/0.8.0/pippo-jetty-0.8.0.jar
2016-04-18 22:09:18,641 [Worker-25] INFO  o.e.m.c.i.e.AbstractTransferListenerAdapter - Downloading https://repo.maven.apache.org/maven2/org/eclipse/jetty/jetty-server/9.3.5.v20151012/jetty-server-9.3.5.v20151012.jar
2016-04-18 22:09:18,786 [Worker-25] INFO  o.e.m.c.i.e.AbstractTransferListenerAdapter - Downloaded https://repo.maven.apache.org/maven2/org/eclipse/jetty/jetty-server/9.3.5.v20151012/jetty-server-9.3.5.v20151012.jar
2016-04-18 22:09:18,809 [Worker-25] INFO  o.e.m.c.i.e.AbstractTransferListenerAdapter - Downloading https://repo.maven.apache.org/maven2/javax/servlet/javax.servlet-api/3.1.0/javax.servlet-api-3.1.0.jar
2016-04-18 22:09:18,839 [Worker-25] INFO  o.e.m.c.i.e.AbstractTransferListenerAdapter - Downloaded https://repo.maven.apache.org/maven2/javax/servlet/javax.servlet-api/3.1.0/javax.servlet-api-3.1.0.jar
2016-04-18 22:09:18,861 [Worker-25] INFO  o.e.m.c.i.e.AbstractTransferListenerAdapter - Downloading https://repo.maven.apache.org/maven2/org/eclipse/jetty/jetty-http/9.3.5.v20151012/jetty-http-9.3.5.v20151012.jar
2016-04-18 22:09:18,897 [Worker-25] INFO  o.e.m.c.i.e.AbstractTransferListenerAdapter - Downloaded https://repo.maven.apache.org/maven2/org/eclipse/jetty/jetty-http/9.3.5.v20151012/jetty-http-9.3.5.v20151012.jar
2016-04-18 22:09:18,928 [Worker-25] INFO  o.e.m.c.i.e.AbstractTransferListenerAdapter - Downloading https://repo.maven.apache.org/maven2/org/eclipse/jetty/jetty-util/9.3.5.v20151012/jetty-util-9.3.5.v20151012.jar
2016-04-18 22:09:18,998 [Worker-25] INFO  o.e.m.c.i.e.AbstractTransferListenerAdapter - Downloaded https://repo.maven.apache.org/maven2/org/eclipse/jetty/jetty-util/9.3.5.v20151012/jetty-util-9.3.5.v20151012.jar
2016-04-18 22:09:19,022 [Worker-25] INFO  o.e.m.c.i.e.AbstractTransferListenerAdapter - Downloading https://repo.maven.apache.org/maven2/org/eclipse/jetty/jetty-io/9.3.5.v20151012/jetty-io-9.3.5.v20151012.jar
2016-04-18 22:09:19,057 [Worker-25] INFO  o.e.m.c.i.e.AbstractTransferListenerAdapter - Downloaded https://repo.maven.apache.org/maven2/org/eclipse/jetty/jetty-io/9.3.5.v20151012/jetty-io-9.3.5.v20151012.jar
2016-04-18 22:09:19,082 [Worker-25] INFO  o.e.m.c.i.e.AbstractTransferListenerAdapter - Downloading https://repo.maven.apache.org/maven2/org/eclipse/jetty/jetty-annotations/9.3.5.v20151012/jetty-annotations-9.3.5.v20151012.jar
2016-04-18 22:09:19,116 [Worker-25] INFO  o.e.m.c.i.e.AbstractTransferListenerAdapter - Downloaded https://repo.maven.apache.org/maven2/org/eclipse/jetty/jetty-annotations/9.3.5.v20151012/jetty-annotations-9.3.5.v20151012.jar
2016-04-18 22:09:19,140 [Worker-25] INFO  o.e.m.c.i.e.AbstractTransferListenerAdapter - Downloading https://repo.maven.apache.org/maven2/org/eclipse/jetty/jetty-plus/9.3.5.v20151012/jetty-plus-9.3.5.v20151012.jar
2016-04-18 22:09:19,169 [Worker-25] INFO  o.e.m.c.i.e.AbstractTransferListenerAdapter - Downloaded https://repo.maven.apache.org/maven2/org/eclipse/jetty/jetty-plus/9.3.5.v20151012/jetty-plus-9.3.5.v20151012.jar
2016-04-18 22:09:19,193 [Worker-25] INFO  o.e.m.c.i.e.AbstractTransferListenerAdapter - Downloading https://repo.maven.apache.org/maven2/org/eclipse/jetty/jetty-jndi/9.3.5.v20151012/jetty-jndi-9.3.5.v20151012.jar
2016-04-18 22:09:19,219 [Worker-25] INFO  o.e.m.c.i.e.AbstractTransferListenerAdapter - Downloaded https://repo.maven.apache.org/maven2/org/eclipse/jetty/jetty-jndi/9.3.5.v20151012/jetty-jndi-9.3.5.v20151012.jar
2016-04-18 22:09:19,244 [Worker-25] INFO  o.e.m.c.i.e.AbstractTransferListenerAdapter - Downloading https://repo.maven.apache.org/maven2/org/eclipse/jetty/jetty-webapp/9.3.5.v20151012/jetty-webapp-9.3.5.v20151012.jar
2016-04-18 22:09:19,279 [Worker-25] INFO  o.e.m.c.i.e.AbstractTransferListenerAdapter - Downloaded https://repo.maven.apache.org/maven2/org/eclipse/jetty/jetty-webapp/9.3.5.v20151012/jetty-webapp-9.3.5.v20151012.jar
2016-04-18 22:09:19,304 [Worker-25] INFO  o.e.m.c.i.e.AbstractTransferListenerAdapter - Downloading https://repo.maven.apache.org/maven2/org/eclipse/jetty/jetty-xml/9.3.5.v20151012/jetty-xml-9.3.5.v20151012.jar
2016-04-18 22:09:19,332 [Worker-25] INFO  o.e.m.c.i.e.AbstractTransferListenerAdapter - Downloaded https://repo.maven.apache.org/maven2/org/eclipse/jetty/jetty-xml/9.3.5.v20151012/jetty-xml-9.3.5.v20151012.jar
2016-04-18 22:09:19,357 [Worker-25] INFO  o.e.m.c.i.e.AbstractTransferListenerAdapter - Downloading https://repo.maven.apache.org/maven2/org/eclipse/jetty/jetty-servlet/9.3.5.v20151012/jetty-servlet-9.3.5.v20151012.jar
2016-04-18 22:09:19,393 [Worker-25] INFO  o.e.m.c.i.e.AbstractTransferListenerAdapter - Downloaded https://repo.maven.apache.org/maven2/org/eclipse/jetty/jetty-servlet/9.3.5.v20151012/jetty-servlet-9.3.5.v20151012.jar
2016-04-18 22:09:19,421 [Worker-25] INFO  o.e.m.c.i.e.AbstractTransferListenerAdapter - Downloading https://repo.maven.apache.org/maven2/org/eclipse/jetty/jetty-security/9.3.5.v20151012/jetty-security-9.3.5.v20151012.jar
2016-04-18 22:09:19,459 [Worker-25] INFO  o.e.m.c.i.e.AbstractTransferListenerAdapter - Downloaded https://repo.maven.apache.org/maven2/org/eclipse/jetty/jetty-security/9.3.5.v20151012/jetty-security-9.3.5.v20151012.jar
2016-04-18 22:09:19,483 [Worker-25] INFO  o.e.m.c.i.e.AbstractTransferListenerAdapter - Downloading https://repo.maven.apache.org/maven2/javax/annotation/javax.annotation-api/1.2/javax.annotation-api-1.2.jar
2016-04-18 22:09:19,510 [Worker-25] INFO  o.e.m.c.i.e.AbstractTransferListenerAdapter - Downloaded https://repo.maven.apache.org/maven2/javax/annotation/javax.annotation-api/1.2/javax.annotation-api-1.2.jar
2016-04-18 22:09:19,536 [Worker-25] INFO  o.e.m.c.i.e.AbstractTransferListenerAdapter - Downloading https://repo.maven.apache.org/maven2/org/ow2/asm/asm/5.0.1/asm-5.0.1.jar
2016-04-18 22:09:19,563 [Worker-25] INFO  o.e.m.c.i.e.AbstractTransferListenerAdapter - Downloaded https://repo.maven.apache.org/maven2/org/ow2/asm/asm/5.0.1/asm-5.0.1.jar
2016-04-18 22:09:19,588 [Worker-25] INFO  o.e.m.c.i.e.AbstractTransferListenerAdapter - Downloading https://repo.maven.apache.org/maven2/org/ow2/asm/asm-commons/5.0.1/asm-commons-5.0.1.jar
2016-04-18 22:09:19,616 [Worker-25] INFO  o.e.m.c.i.e.AbstractTransferListenerAdapter - Downloaded https://repo.maven.apache.org/maven2/org/ow2/asm/asm-commons/5.0.1/asm-commons-5.0.1.jar
2016-04-18 22:09:19,640 [Worker-25] INFO  o.e.m.c.i.e.AbstractTransferListenerAdapter - Downloading https://repo.maven.apache.org/maven2/org/ow2/asm/asm-tree/5.0.1/asm-tree-5.0.1.jar
2016-04-18 22:09:19,665 [Worker-25] INFO  o.e.m.c.i.e.AbstractTransferListenerAdapter - Downloaded https://repo.maven.apache.org/maven2/org/ow2/asm/asm-tree/5.0.1/asm-tree-5.0.1.jar
2016-04-18 22:09:19,809 [Worker-25] WARN  o.e.m.c.i.embedder.EclipseLogger - Using platform encoding (UTF-8 actually) to copy filtered resources, i.e. build is platform dependent!
2016-04-18 22:09:19,810 [Worker-25] INFO  o.e.m.c.i.embedder.EclipseLogger - Copying 0 resource
2016-04-18 22:09:19,811 [Worker-25] WARN  o.e.m.c.i.embedder.EclipseLogger - Using platform encoding (UTF-8 actually) to copy filtered resources, i.e. build is platform dependent!
2016-04-18 22:09:19,812 [Worker-25] INFO  o.e.m.c.i.embedder.EclipseLogger - Copying 0 resource
2016-04-18 22:09:20,927 [Worker-25] WARN  o.e.m.c.i.embedder.EclipseLogger - Using platform encoding (UTF-8 actually) to copy filtered resources, i.e. build is platform dependent!
2016-04-18 22:09:20,928 [Worker-25] INFO  o.e.m.c.i.embedder.EclipseLogger - Copying 0 resource
2016-04-18 22:09:20,928 [Worker-25] WARN  o.e.m.c.i.embedder.EclipseLogger - Using platform encoding (UTF-8 actually) to copy filtered resources, i.e. build is platform dependent!
2016-04-18 22:09:20,928 [Worker-25] INFO  o.e.m.c.i.embedder.EclipseLogger - Copying 0 resource
2016-04-18 22:11:14,895 [Worker-24] WARN  o.e.m.c.i.embedder.EclipseLogger - Using platform encoding (UTF-8 actually) to copy filtered resources, i.e. build is platform dependent!
2016-04-18 22:11:14,895 [Worker-24] INFO  o.e.m.c.i.embedder.EclipseLogger - Copying 0 resource
2016-04-18 22:11:14,896 [Worker-24] WARN  o.e.m.c.i.embedder.EclipseLogger - Using platform encoding (UTF-8 actually) to copy filtered resources, i.e. build is platform dependent!
2016-04-18 22:11:14,896 [Worker-24] INFO  o.e.m.c.i.embedder.EclipseLogger - Copying 0 resource
2016-04-18 22:12:02,121 [Worker-33] WARN  o.e.m.c.i.embedder.EclipseLogger - Using platform encoding (UTF-8 actually) to copy filtered resources, i.e. build is platform dependent!
2016-04-18 22:12:02,121 [Worker-33] INFO  o.e.m.c.i.embedder.EclipseLogger - Copying 0 resource
2016-04-18 22:12:02,121 [Worker-33] WARN  o.e.m.c.i.embedder.EclipseLogger - Using platform encoding (UTF-8 actually) to copy filtered resources, i.e. build is platform dependent!
2016-04-18 22:12:02,122 [Worker-33] INFO  o.e.m.c.i.embedder.EclipseLogger - Copying 0 resource
2016-04-20 20:44:03,743 [Worker-65] WARN  o.e.m.c.i.embedder.EclipseLogger - Using platform encoding (UTF-8 actually) to copy filtered resources, i.e. build is platform dependent!
2016-04-20 20:44:03,744 [Worker-65] INFO  o.e.m.c.i.embedder.EclipseLogger - Copying 0 resource
2016-04-20 20:44:03,745 [Worker-65] WARN  o.e.m.c.i.embedder.EclipseLogger - Using platform encoding (UTF-8 actually) to copy filtered resources, i.e. build is platform dependent!
2016-04-20 20:44:03,745 [Worker-65] INFO  o.e.m.c.i.embedder.EclipseLogger - Copying 0 resource
2016-04-20 20:44:20,635 [Worker-65] WARN  o.e.m.c.i.embedder.EclipseLogger - Using platform encoding (UTF-8 actually) to copy filtered resources, i.e. build is platform dependent!
2016-04-20 20:44:20,635 [Worker-65] INFO  o.e.m.c.i.embedder.EclipseLogger - Copying 0 resource
2016-04-20 20:44:20,636 [Worker-65] WARN  o.e.m.c.i.embedder.EclipseLogger - Using platform encoding (UTF-8 actually) to copy filtered resources, i.e. build is platform dependent!
2016-04-20 20:44:20,636 [Worker-65] INFO  o.e.m.c.i.embedder.EclipseLogger - Copying 0 resource
2016-04-20 20:47:02,567 [Worker-69] WARN  o.e.m.c.i.embedder.EclipseLogger - Using platform encoding (UTF-8 actually) to copy filtered resources, i.e. build is platform dependent!
2016-04-20 20:47:02,568 [Worker-69] INFO  o.e.m.c.i.embedder.EclipseLogger - Copying 0 resource
2016-04-20 20:47:02,569 [Worker-69] WARN  o.e.m.c.i.embedder.EclipseLogger - Using platform encoding (UTF-8 actually) to copy filtered resources, i.e. build is platform dependent!
2016-04-20 20:47:02,569 [Worker-69] INFO  o.e.m.c.i.embedder.EclipseLogger - Copying 0 resource
2016-04-20 20:47:19,685 [Worker-29] WARN  o.e.m.c.i.embedder.EclipseLogger - Using platform encoding (UTF-8 actually) to copy filtered resources, i.e. build is platform dependent!
2016-04-20 20:47:19,685 [Worker-29] INFO  o.e.m.c.i.embedder.EclipseLogger - Copying 0 resource
2016-04-20 20:47:19,685 [Worker-29] WARN  o.e.m.c.i.embedder.EclipseLogger - Using platform encoding (UTF-8 actually) to copy filtered resources, i.e. build is platform dependent!
2016-04-20 20:47:19,686 [Worker-29] INFO  o.e.m.c.i.embedder.EclipseLogger - Copying 0 resource
2016-04-20 20:47:44,692 [Worker-69] WARN  o.e.m.c.i.embedder.EclipseLogger - Using platform encoding (UTF-8 actually) to copy filtered resources, i.e. build is platform dependent!
2016-04-20 20:47:44,692 [Worker-69] INFO  o.e.m.c.i.embedder.EclipseLogger - Copying 0 resource
2016-04-20 20:47:44,693 [Worker-69] WARN  o.e.m.c.i.embedder.EclipseLogger - Using platform encoding (UTF-8 actually) to copy filtered resources, i.e. build is platform dependent!
2016-04-20 20:47:44,693 [Worker-69] INFO  o.e.m.c.i.embedder.EclipseLogger - Copying 0 resource
2016-04-20 20:48:09,217 [Worker-29] WARN  o.e.m.c.i.embedder.EclipseLogger - Using platform encoding (UTF-8 actually) to copy filtered resources, i.e. build is platform dependent!
2016-04-20 20:48:09,217 [Worker-29] INFO  o.e.m.c.i.embedder.EclipseLogger - Copying 0 resource
2016-04-20 20:48:09,218 [Worker-29] WARN  o.e.m.c.i.embedder.EclipseLogger - Using platform encoding (UTF-8 actually) to copy filtered resources, i.e. build is platform dependent!
2016-04-20 20:48:09,218 [Worker-29] INFO  o.e.m.c.i.embedder.EclipseLogger - Copying 0 resource
2016-04-20 20:48:22,881 [Worker-71] WARN  o.e.m.c.i.embedder.EclipseLogger - Using platform encoding (UTF-8 actually) to copy filtered resources, i.e. build is platform dependent!
2016-04-20 20:48:22,881 [Worker-71] INFO  o.e.m.c.i.embedder.EclipseLogger - Copying 0 resource
2016-04-20 20:48:22,882 [Worker-71] WARN  o.e.m.c.i.embedder.EclipseLogger - Using platform encoding (UTF-8 actually) to copy filtered resources, i.e. build is platform dependent!
2016-04-20 20:48:22,882 [Worker-71] INFO  o.e.m.c.i.embedder.EclipseLogger - Copying 0 resource
2016-04-20 20:48:40,107 [Worker-70] WARN  o.e.m.c.i.embedder.EclipseLogger - Using platform encoding (UTF-8 actually) to copy filtered resources, i.e. build is platform dependent!
2016-04-20 20:48:40,107 [Worker-70] INFO  o.e.m.c.i.embedder.EclipseLogger - Copying 0 resource
2016-04-20 20:48:40,109 [Worker-70] WARN  o.e.m.c.i.embedder.EclipseLogger - Using platform encoding (UTF-8 actually) to copy filtered resources, i.e. build is platform dependent!
2016-04-20 20:48:40,109 [Worker-70] INFO  o.e.m.c.i.embedder.EclipseLogger - Copying 0 resource
2016-04-20 20:48:50,511 [Worker-66] WARN  o.e.m.c.i.embedder.EclipseLogger - Using platform encoding (UTF-8 actually) to copy filtered resources, i.e. build is platform dependent!
2016-04-20 20:48:50,511 [Worker-66] INFO  o.e.m.c.i.embedder.EclipseLogger - Copying 0 resource
2016-04-20 20:48:50,511 [Worker-66] WARN  o.e.m.c.i.embedder.EclipseLogger - Using platform encoding (UTF-8 actually) to copy filtered resources, i.e. build is platform dependent!
2016-04-20 20:48:50,512 [Worker-66] INFO  o.e.m.c.i.embedder.EclipseLogger - Copying 0 resource
2016-04-20 20:51:23,154 [Worker-72] WARN  o.e.m.c.i.embedder.EclipseLogger - Using platform encoding (UTF-8 actually) to copy filtered resources, i.e. build is platform dependent!
2016-04-20 20:51:23,154 [Worker-72] INFO  o.e.m.c.i.embedder.EclipseLogger - Copying 0 resource
2016-04-20 20:51:23,155 [Worker-72] WARN  o.e.m.c.i.embedder.EclipseLogger - Using platform encoding (UTF-8 actually) to copy filtered resources, i.e. build is platform dependent!
2016-04-20 20:51:23,155 [Worker-72] INFO  o.e.m.c.i.embedder.EclipseLogger - Copying 0 resource
2016-04-20 20:52:21,608 [Worker-72] WARN  o.e.m.c.i.embedder.EclipseLogger - Using platform encoding (UTF-8 actually) to copy filtered resources, i.e. build is platform dependent!
2016-04-20 20:52:21,608 [Worker-72] INFO  o.e.m.c.i.embedder.EclipseLogger - Copying 0 resource
2016-04-20 20:52:21,608 [Worker-72] WARN  o.e.m.c.i.embedder.EclipseLogger - Using platform encoding (UTF-8 actually) to copy filtered resources, i.e. build is platform dependent!
2016-04-20 20:52:21,609 [Worker-72] INFO  o.e.m.c.i.embedder.EclipseLogger - Copying 0 resource
2016-04-20 20:52:57,520 [Worker-63] WARN  o.e.m.c.i.embedder.EclipseLogger - Using platform encoding (UTF-8 actually) to copy filtered resources, i.e. build is platform dependent!
2016-04-20 20:52:57,520 [Worker-63] INFO  o.e.m.c.i.embedder.EclipseLogger - Copying 0 resource
2016-04-20 20:52:57,521 [Worker-63] WARN  o.e.m.c.i.embedder.EclipseLogger - Using platform encoding (UTF-8 actually) to copy filtered resources, i.e. build is platform dependent!
2016-04-20 20:52:57,521 [Worker-63] INFO  o.e.m.c.i.embedder.EclipseLogger - Copying 0 resource
2016-04-20 20:55:10,016 [Worker-69] WARN  o.e.m.c.i.embedder.EclipseLogger - Using platform encoding (UTF-8 actually) to copy filtered resources, i.e. build is platform dependent!
2016-04-20 20:55:10,016 [Worker-69] INFO  o.e.m.c.i.embedder.EclipseLogger - Copying 0 resource
2016-04-20 20:55:10,017 [Worker-69] WARN  o.e.m.c.i.embedder.EclipseLogger - Using platform encoding (UTF-8 actually) to copy filtered resources, i.e. build is platform dependent!
2016-04-20 20:55:10,017 [Worker-69] INFO  o.e.m.c.i.embedder.EclipseLogger - Copying 0 resource
2016-04-20 20:56:58,368 [Worker-29] WARN  o.e.m.c.i.embedder.EclipseLogger - Using platform encoding (UTF-8 actually) to copy filtered resources, i.e. build is platform dependent!
2016-04-20 20:56:58,368 [Worker-29] INFO  o.e.m.c.i.embedder.EclipseLogger - Copying 0 resource
2016-04-20 20:56:58,369 [Worker-29] WARN  o.e.m.c.i.embedder.EclipseLogger - Using platform encoding (UTF-8 actually) to copy filtered resources, i.e. build is platform dependent!
2016-04-20 20:56:58,369 [Worker-29] INFO  o.e.m.c.i.embedder.EclipseLogger - Copying 0 resource
2016-04-20 20:58:43,303 [Worker-71] WARN  o.e.m.c.i.embedder.EclipseLogger - Using platform encoding (UTF-8 actually) to copy filtered resources, i.e. build is platform dependent!
2016-04-20 20:58:43,304 [Worker-71] INFO  o.e.m.c.i.embedder.EclipseLogger - Copying 0 resource
2016-04-20 20:58:43,304 [Worker-71] WARN  o.e.m.c.i.embedder.EclipseLogger - Using platform encoding (UTF-8 actually) to copy filtered resources, i.e. build is platform dependent!
2016-04-20 20:58:43,304 [Worker-71] INFO  o.e.m.c.i.embedder.EclipseLogger - Copying 0 resource
2016-04-20 21:03:27,120 [Worker-79] WARN  o.e.m.c.i.embedder.EclipseLogger - Using platform encoding (UTF-8 actually) to copy filtered resources, i.e. build is platform dependent!
2016-04-20 21:03:27,121 [Worker-79] INFO  o.e.m.c.i.embedder.EclipseLogger - Copying 0 resource
2016-04-20 21:03:27,122 [Worker-79] WARN  o.e.m.c.i.embedder.EclipseLogger - Using platform encoding (UTF-8 actually) to copy filtered resources, i.e. build is platform dependent!
2016-04-20 21:03:27,122 [Worker-79] INFO  o.e.m.c.i.embedder.EclipseLogger - Copying 0 resource
2016-04-20 21:06:34,517 [Worker-80] WARN  o.e.m.c.i.embedder.EclipseLogger - Using platform encoding (UTF-8 actually) to copy filtered resources, i.e. build is platform dependent!
2016-04-20 21:06:34,517 [Worker-80] INFO  o.e.m.c.i.embedder.EclipseLogger - Copying 0 resource
2016-04-20 21:06:34,518 [Worker-80] WARN  o.e.m.c.i.embedder.EclipseLogger - Using platform encoding (UTF-8 actually) to copy filtered resources, i.e. build is platform dependent!
2016-04-20 21:06:34,518 [Worker-80] INFO  o.e.m.c.i.embedder.EclipseLogger - Copying 0 resource
2016-04-20 21:13:13,357 [Worker-86] WARN  o.e.m.c.i.embedder.EclipseLogger - Using platform encoding (UTF-8 actually) to copy filtered resources, i.e. build is platform dependent!
2016-04-20 21:13:13,358 [Worker-86] INFO  o.e.m.c.i.embedder.EclipseLogger - Copying 0 resource
2016-04-20 21:13:13,358 [Worker-86] WARN  o.e.m.c.i.embedder.EclipseLogger - Using platform encoding (UTF-8 actually) to copy filtered resources, i.e. build is platform dependent!
2016-04-20 21:13:13,358 [Worker-86] INFO  o.e.m.c.i.embedder.EclipseLogger - Copying 0 resource
2016-04-20 21:17:10,941 [Worker-80] WARN  o.e.m.c.i.embedder.EclipseLogger - Using platform encoding (UTF-8 actually) to copy filtered resources, i.e. build is platform dependent!
2016-04-20 21:17:10,941 [Worker-80] INFO  o.e.m.c.i.embedder.EclipseLogger - Copying 0 resource
2016-04-20 21:17:10,941 [Worker-80] WARN  o.e.m.c.i.embedder.EclipseLogger - Using platform encoding (UTF-8 actually) to copy filtered resources, i.e. build is platform dependent!
2016-04-20 21:17:10,942 [Worker-80] INFO  o.e.m.c.i.embedder.EclipseLogger - Copying 0 resource
2016-04-20 21:18:19,715 [Worker-89] WARN  o.e.m.c.i.embedder.EclipseLogger - Using platform encoding (UTF-8 actually) to copy filtered resources, i.e. build is platform dependent!
2016-04-20 21:18:19,715 [Worker-89] INFO  o.e.m.c.i.embedder.EclipseLogger - Copying 0 resource
2016-04-20 21:18:19,715 [Worker-89] WARN  o.e.m.c.i.embedder.EclipseLogger - Using platform encoding (UTF-8 actually) to copy filtered resources, i.e. build is platform dependent!
2016-04-20 21:18:19,716 [Worker-89] INFO  o.e.m.c.i.embedder.EclipseLogger - Copying 0 resource
2016-04-20 21:18:23,386 [Worker-89] WARN  o.e.m.c.i.embedder.EclipseLogger - Using platform encoding (UTF-8 actually) to copy filtered resources, i.e. build is platform dependent!
2016-04-20 21:18:23,387 [Worker-89] INFO  o.e.m.c.i.embedder.EclipseLogger - Copying 0 resource
2016-04-20 21:18:23,387 [Worker-89] WARN  o.e.m.c.i.embedder.EclipseLogger - Using platform encoding (UTF-8 actually) to copy filtered resources, i.e. build is platform dependent!
2016-04-20 21:18:23,387 [Worker-89] INFO  o.e.m.c.i.embedder.EclipseLogger - Copying 0 resource
2016-04-20 21:20:13,439 [Worker-91] WARN  o.e.m.c.i.embedder.EclipseLogger - Using platform encoding (UTF-8 actually) to copy filtered resources, i.e. build is platform dependent!
2016-04-20 21:20:13,440 [Worker-91] INFO  o.e.m.c.i.embedder.EclipseLogger - Copying 0 resource
2016-04-20 21:20:13,440 [Worker-91] WARN  o.e.m.c.i.embedder.EclipseLogger - Using platform encoding (UTF-8 actually) to copy filtered resources, i.e. build is platform dependent!
2016-04-20 21:20:13,441 [Worker-91] INFO  o.e.m.c.i.embedder.EclipseLogger - Copying 0 resource
2016-04-20 21:32:40,114 [Worker-92] INFO  o.e.m.j.internal.DownloadSourcesJob - Downloaded sources for ro.pippo:pippo-core:0.8.0
2016-04-20 21:32:40,225 [Worker-104] WARN  o.e.m.c.i.embedder.EclipseLogger - Using platform encoding (UTF-8 actually) to copy filtered resources, i.e. build is platform dependent!
2016-04-20 21:32:40,226 [Worker-104] INFO  o.e.m.c.i.embedder.EclipseLogger - Copying 0 resource
2016-04-20 21:32:40,226 [Worker-104] WARN  o.e.m.c.i.embedder.EclipseLogger - Using platform encoding (UTF-8 actually) to copy filtered resources, i.e. build is platform dependent!
2016-04-20 21:32:40,226 [Worker-104] INFO  o.e.m.c.i.embedder.EclipseLogger - Copying 0 resource
2016-04-20 21:33:11,791 [Worker-103] INFO  o.e.m.c.i.e.AbstractTransferListenerAdapter - Downloading https://repo.maven.apache.org/maven2/ro/pippo/pippo-core/0.8.0/pippo-core-0.8.0-javadoc.jar
2016-04-20 21:33:12,059 [Worker-103] INFO  o.e.m.c.i.e.AbstractTransferListenerAdapter - Downloaded https://repo.maven.apache.org/maven2/ro/pippo/pippo-core/0.8.0/pippo-core-0.8.0-javadoc.jar
2016-04-20 21:33:12,074 [Worker-103] INFO  o.e.m.j.internal.DownloadSourcesJob - Downloaded javadoc for ro.pippo:pippo-core:0.8.0
2016-04-20 21:33:12,288 [Worker-89] WARN  o.e.m.c.i.embedder.EclipseLogger - Using platform encoding (UTF-8 actually) to copy filtered resources, i.e. build is platform dependent!
2016-04-20 21:33:12,288 [Worker-89] INFO  o.e.m.c.i.embedder.EclipseLogger - Copying 0 resource
2016-04-20 21:33:12,288 [Worker-89] WARN  o.e.m.c.i.embedder.EclipseLogger - Using platform encoding (UTF-8 actually) to copy filtered resources, i.e. build is platform dependent!
2016-04-20 21:33:12,288 [Worker-89] INFO  o.e.m.c.i.embedder.EclipseLogger - Copying 0 resource
2016-04-20 21:33:16,880 [Worker-103] INFO  o.e.m.j.internal.DownloadSourcesJob - Downloaded sources for ro.pippo:pippo-core:0.8.0
2016-04-20 21:33:16,991 [Worker-103] WARN  o.e.m.c.i.embedder.EclipseLogger - Using platform encoding (UTF-8 actually) to copy filtered resources, i.e. build is platform dependent!
2016-04-20 21:33:16,992 [Worker-103] INFO  o.e.m.c.i.embedder.EclipseLogger - Copying 0 resource
2016-04-20 21:33:16,992 [Worker-103] WARN  o.e.m.c.i.embedder.EclipseLogger - Using platform encoding (UTF-8 actually) to copy filtered resources, i.e. build is platform dependent!
2016-04-20 21:33:16,993 [Worker-103] INFO  o.e.m.c.i.embedder.EclipseLogger - Copying 0 resource
2016-04-20 21:37:38,313 [Worker-102] WARN  o.e.m.c.i.embedder.EclipseLogger - Using platform encoding (UTF-8 actually) to copy filtered resources, i.e. build is platform dependent!
2016-04-20 21:37:38,313 [Worker-102] INFO  o.e.m.c.i.embedder.EclipseLogger - Copying 0 resource
2016-04-20 21:37:38,313 [Worker-102] WARN  o.e.m.c.i.embedder.EclipseLogger - Using platform encoding (UTF-8 actually) to copy filtered resources, i.e. build is platform dependent!
2016-04-20 21:37:38,314 [Worker-102] INFO  o.e.m.c.i.embedder.EclipseLogger - Copying 0 resource
2016-04-20 21:42:17,254 [Worker-106] INFO  o.e.m.j.internal.DownloadSourcesJob - Downloaded sources for ro.pippo:pippo-jackson:0.8.0
2016-04-20 21:42:17,367 [Worker-110] WARN  o.e.m.c.i.embedder.EclipseLogger - Using platform encoding (UTF-8 actually) to copy filtered resources, i.e. build is platform dependent!
2016-04-20 21:42:17,367 [Worker-110] INFO  o.e.m.c.i.embedder.EclipseLogger - Copying 0 resource
2016-04-20 21:42:17,367 [Worker-110] WARN  o.e.m.c.i.embedder.EclipseLogger - Using platform encoding (UTF-8 actually) to copy filtered resources, i.e. build is platform dependent!
2016-04-20 21:42:17,368 [Worker-110] INFO  o.e.m.c.i.embedder.EclipseLogger - Copying 0 resource
2016-04-20 21:42:21,820 [Worker-103] INFO  o.e.m.c.i.e.AbstractTransferListenerAdapter - Downloading https://repo.maven.apache.org/maven2/ro/pippo/pippo-jackson/0.8.0/pippo-jackson-0.8.0-javadoc.jar
2016-04-20 21:42:22,010 [Worker-103] INFO  o.e.m.c.i.e.AbstractTransferListenerAdapter - Downloaded https://repo.maven.apache.org/maven2/ro/pippo/pippo-jackson/0.8.0/pippo-jackson-0.8.0-javadoc.jar
2016-04-20 21:42:22,015 [Worker-103] INFO  o.e.m.j.internal.DownloadSourcesJob - Downloaded javadoc for ro.pippo:pippo-jackson:0.8.0
2016-04-20 21:42:22,150 [Worker-106] WARN  o.e.m.c.i.embedder.EclipseLogger - Using platform encoding (UTF-8 actually) to copy filtered resources, i.e. build is platform dependent!
2016-04-20 21:42:22,150 [Worker-106] INFO  o.e.m.c.i.embedder.EclipseLogger - Copying 0 resource
2016-04-20 21:42:22,150 [Worker-106] WARN  o.e.m.c.i.embedder.EclipseLogger - Using platform encoding (UTF-8 actually) to copy filtered resources, i.e. build is platform dependent!
2016-04-20 21:42:22,151 [Worker-106] INFO  o.e.m.c.i.embedder.EclipseLogger - Copying 0 resource
2016-04-20 21:45:20,932 [Worker-104] WARN  o.e.m.c.i.embedder.EclipseLogger - Using platform encoding (UTF-8 actually) to copy filtered resources, i.e. build is platform dependent!
2016-04-20 21:45:20,932 [Worker-104] INFO  o.e.m.c.i.embedder.EclipseLogger - Copying 0 resource
2016-04-20 21:45:20,933 [Worker-104] WARN  o.e.m.c.i.embedder.EclipseLogger - Using platform encoding (UTF-8 actually) to copy filtered resources, i.e. build is platform dependent!
2016-04-20 21:45:20,933 [Worker-104] INFO  o.e.m.c.i.embedder.EclipseLogger - Copying 0 resource
2016-04-20 21:45:48,181 [Worker-106] WARN  o.e.m.c.i.embedder.EclipseLogger - Using platform encoding (UTF-8 actually) to copy filtered resources, i.e. build is platform dependent!
2016-04-20 21:45:48,182 [Worker-106] INFO  o.e.m.c.i.embedder.EclipseLogger - Copying 0 resource
2016-04-20 21:45:48,182 [Worker-106] WARN  o.e.m.c.i.embedder.EclipseLogger - Using platform encoding (UTF-8 actually) to copy filtered resources, i.e. build is platform dependent!
2016-04-20 21:45:48,182 [Worker-106] INFO  o.e.m.c.i.embedder.EclipseLogger - Copying 0 resource
2016-04-20 21:47:56,149 [Worker-94] WARN  o.e.m.c.i.embedder.EclipseLogger - Using platform encoding (UTF-8 actually) to copy filtered resources, i.e. build is platform dependent!
2016-04-20 21:47:56,150 [Worker-94] INFO  o.e.m.c.i.embedder.EclipseLogger - Copying 0 resource
2016-04-20 21:47:56,150 [Worker-94] WARN  o.e.m.c.i.embedder.EclipseLogger - Using platform encoding (UTF-8 actually) to copy filtered resources, i.e. build is platform dependent!
2016-04-20 21:47:56,150 [Worker-94] INFO  o.e.m.c.i.embedder.EclipseLogger - Copying 0 resource
2016-04-20 21:53:51,005 [Worker-115] WARN  o.e.m.c.i.embedder.EclipseLogger - Using platform encoding (UTF-8 actually) to copy filtered resources, i.e. build is platform dependent!
2016-04-20 21:53:51,006 [Worker-115] INFO  o.e.m.c.i.embedder.EclipseLogger - Copying 0 resource
2016-04-20 21:53:51,006 [Worker-115] WARN  o.e.m.c.i.embedder.EclipseLogger - Using platform encoding (UTF-8 actually) to copy filtered resources, i.e. build is platform dependent!
2016-04-20 21:53:51,007 [Worker-115] INFO  o.e.m.c.i.embedder.EclipseLogger - Copying 0 resource
2016-04-20 21:54:05,797 [Worker-117] WARN  o.e.m.c.i.embedder.EclipseLogger - Using platform encoding (UTF-8 actually) to copy filtered resources, i.e. build is platform dependent!
2016-04-20 21:54:05,797 [Worker-117] INFO  o.e.m.c.i.embedder.EclipseLogger - Copying 0 resource
2016-04-20 21:54:05,798 [Worker-117] WARN  o.e.m.c.i.embedder.EclipseLogger - Using platform encoding (UTF-8 actually) to copy filtered resources, i.e. build is platform dependent!
2016-04-20 21:54:05,798 [Worker-117] INFO  o.e.m.c.i.embedder.EclipseLogger - Copying 0 resource
2016-04-20 21:59:43,964 [Worker-102] WARN  o.e.m.c.i.embedder.EclipseLogger - Using platform encoding (UTF-8 actually) to copy filtered resources, i.e. build is platform dependent!
2016-04-20 21:59:43,964 [Worker-102] INFO  o.e.m.c.i.embedder.EclipseLogger - Copying 0 resource
2016-04-20 21:59:43,965 [Worker-102] WARN  o.e.m.c.i.embedder.EclipseLogger - Using platform encoding (UTF-8 actually) to copy filtered resources, i.e. build is platform dependent!
2016-04-20 21:59:43,965 [Worker-102] INFO  o.e.m.c.i.embedder.EclipseLogger - Copying 0 resource
2016-04-20 22:00:31,424 [Worker-115] WARN  o.e.m.c.i.embedder.EclipseLogger - Using platform encoding (UTF-8 actually) to copy filtered resources, i.e. build is platform dependent!
2016-04-20 22:00:31,424 [Worker-115] INFO  o.e.m.c.i.embedder.EclipseLogger - Copying 0 resource
2016-04-20 22:00:31,425 [Worker-115] WARN  o.e.m.c.i.embedder.EclipseLogger - Using platform encoding (UTF-8 actually) to copy filtered resources, i.e. build is platform dependent!
2016-04-20 22:00:31,425 [Worker-115] INFO  o.e.m.c.i.embedder.EclipseLogger - Copying 0 resource
2016-04-20 22:00:44,488 [Worker-120] WARN  o.e.m.c.i.embedder.EclipseLogger - Using platform encoding (UTF-8 actually) to copy filtered resources, i.e. build is platform dependent!
2016-04-20 22:00:44,489 [Worker-120] INFO  o.e.m.c.i.embedder.EclipseLogger - Copying 0 resource
2016-04-20 22:00:44,489 [Worker-120] WARN  o.e.m.c.i.embedder.EclipseLogger - Using platform encoding (UTF-8 actually) to copy filtered resources, i.e. build is platform dependent!
2016-04-20 22:00:44,489 [Worker-120] INFO  o.e.m.c.i.embedder.EclipseLogger - Copying 0 resource
